eX4agZfY3-lvvFzc452Bd GET /animals/ 200 806 - 4.554 ms
oqPLeZTqaPWwBwqhwYLW7 GET /animals/ 200 806 - 5.726 ms
jjCWoz1W_vvuTwiuYWaoe GET /animals/ 200 806 - 1.266 ms
RWWaM3OshYvoNRjJrkis0 GET /animals/ 200 806 - 4.503 ms
8K73NidoBhw3BSfeozvoA GET /animals/ 200 806 - 4.011 ms
VWigss6lHJQWK4h27hwCN POST /animals/ 200 249 - 9.007 ms
88OaDNE0tdIkLqEJjGRRb POST /animals/ 200 249 - 7.928 ms
9cWseNf6Zz4mGfvLo_SKO POST /animals/ 422 236 - 7.126 ms
q3-Pw0sPOmEI97BaxBOgO GET /animals/123 200 59 - 1.797 ms
LXXfgGLGCNqwla9lTXvM7 GET /animals/ 200 1174 - 3.586 ms
5cu4JArOdrQ95rzBkYo2l GET /animals 200 1174 - 4.964 ms
5ZfovYSs3FZLRWYFKdUxo GET /animals/123 404 50 - 1.753 ms
nFiUOkTQFDJzB4BosTl_c GET /animals 200 1174 - 4.290 ms
_0wAzQiIArAPcZwlh1o57 GET /animals/123 404 50 - 2.895 ms
WZbqkubLIN7WXZ7gZ1OQ0 GET / 404 139 - 4.656 ms
dN6s-YfeUIYY4_HMEGBIg GET /animals 200 1174 - 1.523 ms
CJ1Mq-bcv1CO0ZrfRddiH GET /animals/123 500 65 - 4.093 ms
Ywnkbm1dUL5geQh3Yzkv6 GET /animals/123 404 50 - 10.099 ms
vuf6TsU3IDryd5VqMeyMM GET /animals/123 404 50 - 5.770 ms
LpEj_xXOXaZOf4iqCPrO7 GET /animals/ 200 1174 - 2.069 ms
xwMIshlnQ3YnQqDyko8J8 PUT /animals/QiCuGQxlViU8AgXyS3V4n 200 250 - 6.426 ms
sLFFhSLr67UfhaPSJpAFj PUT /animals/QiCuGQxlViU8AgXyS3V4n 200 249 - 8.256 ms
2m-EEtxDz8lLTLRwVnTGD GET /animals/QiCuGQxlViU8AgXyS3V4n 200 248 - 5.696 ms
KmqmrEDk_bKDv0xQWeHNe POST /animals/QiCuGQxlViU8AgXyS3V4n 404 169 - 2.041 ms
I6NV6hJVwXnIRvuewdU0_ POST /animals/ 200 248 - 6.147 ms
